
          -------------------------------------------------------
          Amber 16 PMEMD                              2016
          -------------------------------------------------------

| PMEMD implementation of SANDER, Release 16

| Run on 04/19/2018 at 10:27:23

|   Executable path: /cm/shared/apps/amber16_cuda/bin/pmemd.cuda
| Working directory: /shared2/work/wesley/Piezo/piezo_anton/Anton_HMR_Testing/charmm-gui_ARFbigwaterbox/peptide_bigwater_HMR_AMBER_to_Anton_Test/standard
|          Hostname: node001

  [-O]verwriting output

File Assignments:
|   MDIN: step4.0_equilibration.mdin                                            
|  MDOUT: step4.0_equilibration.out                                             
| INPCRD: step3_minimization.rst7                                               
|   PARM: step2_charmm2amber.parm7                                              
| RESTRT: step4.0_equilibration.rst7                                            
|   REFC: step3_minimization.rst7                                               
|  MDVEL: mdvel                                                                 
|   MDEN: mden                                                                  
|  MDCRD: step4.0_equilibration.nc                                              
| MDINFO: mdinfo                                                                
|  MDFRC: mdfrc                                                                 


 Here is the input file:

A NVT simulation for common production-level simulations                       
 &cntrl                                                                        
    imin=0,        ! No minimization                                           
    irest=0,       ! This is NOT a restart of an old MD simulation             
    ntx=1,         ! So our inpcrd file has no velocities                      
                                                                               
    ! Temperature control                                                      
    ntt=3,         ! Langevin dynamics                                         
    gamma_ln=1.0,  ! Friction coefficient (ps^-1)                              
    tempi=310.15,   ! Initial temp -- give it some small random velocities     
    temp0=310.15,   ! Target temperature                                       
                                                                               
    ! Potential energy control                                                 
    cut=12.0,      ! Nonbonded cutoff, in Angstroms                            
    fswitch=10.0,  ! Force-based switching                                     
                                                                               
    ! MD settings                                                              
    nstlim=25000,  ! 25K steps, 25 ps total                                    
    dt=0.001,      ! time step (ps)                                            
                                                                               
    ! SHAKE                                                                    
    ntc=2,         ! Constrain bonds containing hydrogen                       
    ntf=2,         ! Do not calculate forces of bonds containing hydrogen      
                                                                               
    ! Control how often information is printed                                 
    ntpr=1000,     ! Print energies every 1000 steps                           
    ntwx=1000,     ! Print coordinates every 1000 steps to the trajectory      
    ntwr=10000,    ! Print a restart file every 10K steps (can be less frequent
!   ntwv=-1,       ! Uncomment to also print velocities to trajectory          
!   ntwf=-1,       ! Uncomment to also print forces to trajectory              
    ntxo=2,        ! Write NetCDF format                                       
    ioutfm=1,      ! Write NetCDF format (always do this!)                     
                                                                               
    ! Wrap coordinates when printing them to the same unit cell                
    iwrap=0,                                                                   
                                                                               
    ! Restraint options                                                        
    ntr=1,         ! Positional restraints for proteins, sugars, ligands, and l
    !nmropt=1,      ! Dihedral restraints for sugars and lipids                
                                                                               
    ! Set water atom/residue names for SETTLE recognition                      
    watnam='WAT',  ! Water residues are named WAT                              
    owtnm='O',     ! Water oxygens are named O                                 
 /                                                                             
                                                                               
 &ewald                                                                        
    vdwmeth = 0,                                                               
 /                                                                             
                                                                               
 &wt                                                                           
 	type='END'                                                                   
 /                                                                             
Protein posres                                                                 
10.0                                                                           
RES 1 3                                                                        
END                                                                            
END                                                                            
                                                                               


Note: ig = -1. Setting random seed to   312285 based on wallclock time in 
      microseconds.
 
|--------------------- INFORMATION ----------------------
| GPU (CUDA) Version of PMEMD in use: NVIDIA GPU IN USE.
|                    Version 16.0.0
| 
|                      02/25/2016
| 
| Implementation by:
|                    Ross C. Walker     (SDSC)
|                    Scott Le Grand     (nVIDIA)
| 
| Precision model in use:
|      [SPFP] - Single Precision Forces, 64-bit Fixed Point
|               Accumulation. (Default)
| 
|--------------------------------------------------------
 
|----------------- CITATION INFORMATION -----------------
|
|    When publishing work that utilized the CUDA version
|    of AMBER, please cite the following in addition to
|    the regular AMBER citations:
|
|  - Romelia Salomon-Ferrer; Andreas W. Goetz; Duncan
|    Poole; Scott Le Grand; Ross C. Walker "Routine
|    microsecond molecular dynamics simulations with
|    AMBER - Part II: Particle Mesh Ewald", J. Chem.
|    Theory Comput., 2013, 9 (9), pp3878-3888,
|    DOI: 10.1021/ct400314y.
|
|  - Andreas W. Goetz; Mark J. Williamson; Dong Xu;
|    Duncan Poole; Scott Le Grand; Ross C. Walker
|    "Routine microsecond molecular dynamics simulations
|    with AMBER - Part I: Generalized Born", J. Chem.
|    Theory Comput., 2012, 8 (5), pp1542-1555.
|
|  - Scott Le Grand; Andreas W. Goetz; Ross C. Walker
|    "SPFP: Speed without compromise - a mixed precision
|    model for GPU accelerated molecular dynamics
|    simulations.", Comp. Phys. Comm., 2013, 184
|    pp374-380, DOI: 10.1016/j.cpc.2012.09.022
|
|--------------------------------------------------------
 
|------------------- GPU DEVICE INFO --------------------
|
|            CUDA_VISIBLE_DEVICES: 0
|   CUDA Capable Devices Detected:      1
|           CUDA Device ID in use:      0
|                CUDA Device Name: GeForce GTX 980
|     CUDA Device Global Mem Size:   4095 MB
| CUDA Device Num Multiprocessors:     16
|           CUDA Device Core Freq:   1.25 GHz
|
|--------------------------------------------------------
 
 
| Conditional Compilation Defines Used:
| PUBFFT
| BINTRAJ
| CUDA
| EMIL

| Largest sphere to fit in unit cell has radius =    33.935

| New format PARM file being parsed.
| Version =    1.000 Date = 04/19/18 Time = 10:26:26
| Force field information read from topology file: 
|              >>>> CHARMM36 All-Hydrogen Parameter File for Proteins <<<<<<<<<<  
|      CHARMM: >>>>>>>>>>>> All-hydrogen parameters used in the <<<<<<<<<<<<<<<<  
|
|CHARMM: CHARMM force field in use. 
|
|CHARMM: CHARMM force field in use. 

| Note: 1-4 EEL scale factors are being read from the topology file.

| Note: 1-4 VDW scale factors are being read from the topology file.
| INFO: Off Diagonal (NBFIX) LJ terms found in prmtop file.
|       The prmtop file has been modified to support atom
|       type based pairwise Lennard-Jones terms.
| Duplicated    0 dihedrals

| Duplicated    0 dihedrals

--------------------------------------------------------------------------------
   1.  RESOURCE   USE: 
--------------------------------------------------------------------------------

 getting box info from netcdf restart file
 NATOM  =   28162 NTYPES =      18 NBONH =   28075 MBONA  =      32
 NTHETH =    9420 MTHETA =      41 NPHIH =     112 MPHIA  =      63
 NHPARM =       0 NPARM  =       0 NNB   =   37780 NRES   =    9405
 NBONA  =      32 NTHETA =      41 NPHIA =      63 NUMBND =      21
 NUMANG =      41 NPTRA  =      72 NATYP =       1 NPHB   =       0
 IFBOX  =       1 NMXRS  =      26 IFCAP =       0 NEXTRA =       0
 NCOPY  =       0

|CHARMM: Reticulating splines.

| Coordinate Index Table dimensions:    10   10   10
| Direct force subcell size =     6.7980    6.8060    6.7870

     BOX TYPE: RECTILINEAR

--------------------------------------------------------------------------------
   2.  CONTROL  DATA  FOR  THE  RUN
--------------------------------------------------------------------------------

                                                                                

General flags:
     imin    =       0, nmropt  =       0

Nature and format of input:
     ntx     =       1, irest   =       0, ntrx    =       1

Nature and format of output:
     ntxo    =       2, ntpr    =    1000, ntrx    =       1, ntwr    =   10000
     iwrap   =       0, ntwx    =    1000, ntwv    =       0, ntwe    =       0
     ioutfm  =       1, ntwprt  =       0, idecomp =       0, rbornstat=      0

Potential function:
     ntf     =       2, ntb     =       1, igb     =       0, nsnb    =      25
     ipol    =       0, gbsa    =       0, iesp    =       0
     dielc   =   1.00000, cut     =  12.00000, intdiel =   1.00000

Frozen or restrained atoms:
     ibelly  =       0, ntr     =       1
     restraint_wt =   0.00000

Molecular dynamics:
     nstlim  =     25000, nscm    =         0, nrespa  =         1
     t       =   0.00000, dt      =   0.00100, vlimit  =  -1.00000

Langevin dynamics temperature regulation:
     ig      =  312285
     temp0   = 310.15000, tempi   = 310.15000, gamma_ln=   1.00000

SHAKE:
     ntc     =       2, jfastw  =       0
     tol     =   0.00001

| Intermolecular bonds treatment:
|     no_intermolecular_bonds =       1

| Energy averages sample interval:
|     ene_avg_sampling =    1000

Ewald parameters:
     verbose =       0, ew_type =       0, nbflag  =       1, use_pme =       1
     vdwmeth =       0, eedmeth =       1, netfrc  =       1
     Box X =   67.980   Box Y =   68.060   Box Z =   67.870
     Alpha =   90.000   Beta  =   90.000   Gamma =   90.000
     NFFT1 =   64       NFFT2 =   72       NFFT3 =   64
     Cutoff=   12.000   Tol   =0.100E-04
     Ewald Coefficient =  0.22664
     Interpolation order =    4

    LOADING THE CONSTRAINED ATOMS AS GROUPS


   5.  REFERENCE ATOM COORDINATES

                                                                                  
    ----- READING GROUP     1; TITLE:
 Protein posres                                                              

     GROUP    1 HAS HARMONIC CONSTRAINTS    10.00000
 GRP    1 RES    1 TO     3
      Number of atoms in this group  =    66
    ----- END OF GROUP READ -----

--------------------------------------------------------------------------------
   3.  ATOMIC COORDINATES AND VELOCITIES
--------------------------------------------------------------------------------

                                                                                
 begin time read from input coords =     0.000 ps

 
 Number of triangulated 3-point waters found:     9347

     Sum of charges from parm topology file =   0.00000000
     Forcing neutrality...

| Dynamic Memory, Types Used:
| Reals              989475
| Integers           671406

| Nonbonded Pairs Initial Allocation:    14005666

| GPU memory information (estimate):
| KB of GPU memory in use:    204793
| KB of CPU memory in use:     36217

--------------------------------------------------------------------------------
   4.  RESULTS
--------------------------------------------------------------------------------

 ---------------------------------------------------
 APPROXIMATING switch and d/dx switch using CUBIC SPLINE INTERPOLATION
 using   5000.0 points per unit in tabled values
 TESTING RELATIVE ERROR over r ranging from 0.0 to cutoff
| CHECK switch(x): max rel err =   0.2738E-14   at   2.422500
| CHECK d/dx switch(x): max rel err =   0.7967E-11   at   2.716640
 ---------------------------------------------------
|---------------------------------------------------
| APPROXIMATING direct energy using CUBIC SPLINE INTERPOLATION
|  with   50.0 points per unit in tabled values
| Relative Error Limit not exceeded for r .gt.   2.27
| APPROXIMATING direct force using CUBIC SPLINE INTERPOLATION
|  with   50.0 points per unit in tabled values
| Relative Error Limit not exceeded for r .gt.   2.78
|---------------------------------------------------

 NSTEP =        0   TIME(PS) =       0.000  TEMP(K) =   460.09  PRESS =     0.0
 Etot   =   -101595.4412  EKtot   =     25787.8017  EPtot      =   -127383.2429
 BOND   =         6.3426  ANGLE   =      2519.7205  DIHED      =        28.6875
 UB     =         0.8979  IMP     =         0.3881  CMAP       =        -0.5913
 1-4 NB =        15.4508  1-4 EEL =      -239.0074  VDWAALS    =     18428.4282
 EELEC  =   -148143.5599  EHBOND  =         0.0000  RESTRAINT  =         0.0000
 ------------------------------------------------------------------------------


 NSTEP =     1000   TIME(PS) =       1.000  TEMP(K) =   243.12  PRESS =     0.0
 Etot   =    -86794.4056  EKtot   =     13626.6074  EPtot      =   -100421.0131
 BOND   =        17.4272  ANGLE   =        23.9233  DIHED      =        31.6672
 UB     =         3.2838  IMP     =         0.8538  CMAP       =        -1.2974
 1-4 NB =        14.2345  1-4 EEL =      -237.1048  VDWAALS    =     12179.5918
 EELEC  =   -112466.8785  EHBOND  =         0.0000  RESTRAINT  =        13.2859
 EAMBER (non-restraint)  =   -100434.2990
 ------------------------------------------------------------------------------


 NSTEP =     2000   TIME(PS) =       2.000  TEMP(K) =   278.98  PRESS =     0.0
 Etot   =    -81215.1332  EKtot   =     15636.8389  EPtot      =    -96851.9720
 BOND   =        18.9711  ANGLE   =        26.9209  DIHED      =        35.2184
 UB     =         3.0763  IMP     =         2.8374  CMAP       =        -1.7542
 1-4 NB =        14.4644  1-4 EEL =      -248.7630  VDWAALS    =     11003.7511
 EELEC  =   -107723.8589  EHBOND  =         0.0000  RESTRAINT  =        17.1645
 EAMBER (non-restraint)  =    -96869.1365
 ------------------------------------------------------------------------------


 NSTEP =     3000   TIME(PS) =       3.000  TEMP(K) =   291.13  PRESS =     0.0
 Etot   =    -78738.4755  EKtot   =     16317.7969  EPtot      =    -95056.2724
 BOND   =        14.8423  ANGLE   =        24.8273  DIHED      =        31.2767
 UB     =         2.7975  IMP     =         1.2743  CMAP       =         0.3584
 1-4 NB =        17.0149  1-4 EEL =      -237.0433  VDWAALS    =     10244.7079
 EELEC  =   -105171.8355  EHBOND  =         0.0000  RESTRAINT  =        15.5072
 EAMBER (non-restraint)  =    -95071.7796
 ------------------------------------------------------------------------------


 NSTEP =     4000   TIME(PS) =       4.000  TEMP(K) =   299.63  PRESS =     0.0
 Etot   =    -77178.6062  EKtot   =     16794.0059  EPtot      =    -93972.6121
 BOND   =        14.9414  ANGLE   =        31.0444  DIHED      =        31.7848
 UB     =         4.7779  IMP     =         3.2235  CMAP       =        -2.0884
 1-4 NB =        13.9968  1-4 EEL =      -242.5544  VDWAALS    =      9907.8027
 EELEC  =   -103748.4606  EHBOND  =         0.0000  RESTRAINT  =        12.9197
 EAMBER (non-restraint)  =    -93985.5318
 ------------------------------------------------------------------------------


 NSTEP =     5000   TIME(PS) =       5.000  TEMP(K) =   303.91  PRESS =     0.0
 Etot   =    -76519.0530  EKtot   =     17034.1289  EPtot      =    -93553.1819
 BOND   =        14.5700  ANGLE   =        25.7234  DIHED      =        32.7293
 UB     =         3.0433  IMP     =         1.0650  CMAP       =        -1.9394
 1-4 NB =        16.9563  1-4 EEL =      -250.4606  VDWAALS    =      9747.3600
 EELEC  =   -103163.7436  EHBOND  =         0.0000  RESTRAINT  =        21.5146
 EAMBER (non-restraint)  =    -93574.6965
 ------------------------------------------------------------------------------


 NSTEP =     6000   TIME(PS) =       6.000  TEMP(K) =   310.40  PRESS =     0.0
 Etot   =    -75887.7885  EKtot   =     17398.0762  EPtot      =    -93285.8647
 BOND   =        20.3008  ANGLE   =        26.7913  DIHED      =        33.4731
 UB     =         3.9922  IMP     =         1.0013  CMAP       =        -1.0491
 1-4 NB =        15.1289  1-4 EEL =      -241.4774  VDWAALS    =      9617.2550
 EELEC  =   -102781.3184  EHBOND  =         0.0000  RESTRAINT  =        20.0376
 EAMBER (non-restraint)  =    -93305.9023
 ------------------------------------------------------------------------------


 NSTEP =     7000   TIME(PS) =       7.000  TEMP(K) =   305.68  PRESS =     0.0
 Etot   =    -75791.8442  EKtot   =     17133.3418  EPtot      =    -92925.1860
 BOND   =        10.7682  ANGLE   =        25.5886  DIHED      =        32.0720
 UB     =         3.8214  IMP     =         1.1823  CMAP       =        -1.8208
 1-4 NB =        18.2529  1-4 EEL =      -244.4835  VDWAALS    =      9366.8868
 EELEC  =   -102160.1600  EHBOND  =         0.0000  RESTRAINT  =        22.7061
 EAMBER (non-restraint)  =    -92947.8921
 ------------------------------------------------------------------------------


 NSTEP =     8000   TIME(PS) =       8.000  TEMP(K) =   306.63  PRESS =     0.0
 Etot   =    -75510.8164  EKtot   =     17186.5410  EPtot      =    -92697.3574
 BOND   =        14.1433  ANGLE   =        28.3631  DIHED      =        32.0078
 UB     =         3.8151  IMP     =         2.8187  CMAP       =        -0.3648
 1-4 NB =        16.7390  1-4 EEL =      -250.3729  VDWAALS    =      9473.4293
 EELEC  =   -102034.4889  EHBOND  =         0.0000  RESTRAINT  =        16.5529
 EAMBER (non-restraint)  =    -92713.9103
 ------------------------------------------------------------------------------


 NSTEP =     9000   TIME(PS) =       9.000  TEMP(K) =   311.38  PRESS =     0.0
 Etot   =    -75496.3708  EKtot   =     17452.9531  EPtot      =    -92949.3239
 BOND   =        11.5535  ANGLE   =        25.8110  DIHED      =        33.9038
 UB     =         2.8386  IMP     =         0.9873  CMAP       =        -0.2486
 1-4 NB =        17.0729  1-4 EEL =      -244.8154  VDWAALS    =      9659.2820
 EELEC  =   -102469.7408  EHBOND  =         0.0000  RESTRAINT  =        14.0316
 EAMBER (non-restraint)  =    -92963.3556
 ------------------------------------------------------------------------------


 NSTEP =    10000   TIME(PS) =      10.000  TEMP(K) =   310.92  PRESS =     0.0
 Etot   =    -75270.3176  EKtot   =     17427.2578  EPtot      =    -92697.5754
 BOND   =        18.2590  ANGLE   =        28.8692  DIHED      =        29.5823
 UB     =         2.6852  IMP     =         2.8070  CMAP       =        -3.1033
 1-4 NB =        13.8289  1-4 EEL =      -248.3358  VDWAALS    =      9611.6146
 EELEC  =   -102170.8262  EHBOND  =         0.0000  RESTRAINT  =        17.0437
 EAMBER (non-restraint)  =    -92714.6191
 ------------------------------------------------------------------------------


 NSTEP =    11000   TIME(PS) =      11.000  TEMP(K) =   309.12  PRESS =     0.0
 Etot   =    -75463.1593  EKtot   =     17325.8984  EPtot      =    -92789.0578
 BOND   =        14.9317  ANGLE   =        28.7470  DIHED      =        31.4852
 UB     =         3.7260  IMP     =         1.1507  CMAP       =        -1.6597
 1-4 NB =        13.9913  1-4 EEL =      -245.2348  VDWAALS    =      9516.9615
 EELEC  =   -102171.7484  EHBOND  =         0.0000  RESTRAINT  =        18.5917
 EAMBER (non-restraint)  =    -92807.6495
 ------------------------------------------------------------------------------


 NSTEP =    12000   TIME(PS) =      12.000  TEMP(K) =   310.15  PRESS =     0.0
 Etot   =    -75323.5637  EKtot   =     17383.9180  EPtot      =    -92707.4817
 BOND   =        13.9888  ANGLE   =        24.1771  DIHED      =        33.6840
 UB     =         2.4565  IMP     =         1.9001  CMAP       =        -0.1221
 1-4 NB =        17.0946  1-4 EEL =      -240.8609  VDWAALS    =      9521.9303
 EELEC  =   -102101.1745  EHBOND  =         0.0000  RESTRAINT  =        19.4445
 EAMBER (non-restraint)  =    -92726.9262
 ------------------------------------------------------------------------------


 NSTEP =    13000   TIME(PS) =      13.000  TEMP(K) =   311.88  PRESS =     0.0
 Etot   =    -75313.6480  EKtot   =     17480.8633  EPtot      =    -92794.5113
 BOND   =        16.9233  ANGLE   =        29.6669  DIHED      =        32.4894
 UB     =         3.4362  IMP     =         1.2473  CMAP       =        -1.7518
 1-4 NB =        14.0109  1-4 EEL =      -249.9111  VDWAALS    =      9731.6198
 EELEC  =   -102393.5256  EHBOND  =         0.0000  RESTRAINT  =        21.2835
 EAMBER (non-restraint)  =    -92815.7948
 ------------------------------------------------------------------------------


 NSTEP =    14000   TIME(PS) =      14.000  TEMP(K) =   311.33  PRESS =     0.0
 Etot   =    -75287.2771  EKtot   =     17449.8633  EPtot      =    -92737.1404
 BOND   =        16.2602  ANGLE   =        25.6077  DIHED      =        34.7759
 UB     =         4.1488  IMP     =         1.9460  CMAP       =        -1.2144
 1-4 NB =        17.2690  1-4 EEL =      -239.5057  VDWAALS    =      9517.9251
 EELEC  =   -102127.9954  EHBOND  =         0.0000  RESTRAINT  =        13.6425
 EAMBER (non-restraint)  =    -92750.7829
 ------------------------------------------------------------------------------


 NSTEP =    15000   TIME(PS) =      15.000  TEMP(K) =   308.55  PRESS =     0.0
 Etot   =    -75164.7868  EKtot   =     17294.1426  EPtot      =    -92458.9294
 BOND   =        12.7263  ANGLE   =        31.2059  DIHED      =        32.4016
 UB     =         2.7134  IMP     =         1.7447  CMAP       =        -1.5966
 1-4 NB =        15.1575  1-4 EEL =      -245.5200  VDWAALS    =      9541.0549
 EELEC  =   -101865.7922  EHBOND  =         0.0000  RESTRAINT  =        16.9751
 EAMBER (non-restraint)  =    -92475.9045
 ------------------------------------------------------------------------------


 NSTEP =    16000   TIME(PS) =      16.000  TEMP(K) =   311.75  PRESS =     0.0
 Etot   =    -75006.9901  EKtot   =     17473.3359  EPtot      =    -92480.3260
 BOND   =        17.2859  ANGLE   =        28.4201  DIHED      =        34.1130
 UB     =         3.4789  IMP     =         3.0056  CMAP       =        -2.0881
 1-4 NB =        15.4607  1-4 EEL =      -253.8489  VDWAALS    =      9291.5726
 EELEC  =   -101634.4038  EHBOND  =         0.0000  RESTRAINT  =        16.6780
 EAMBER (non-restraint)  =    -92497.0040
 ------------------------------------------------------------------------------


 NSTEP =    17000   TIME(PS) =      17.000  TEMP(K) =   310.27  PRESS =     0.0
 Etot   =    -75308.6765  EKtot   =     17390.2773  EPtot      =    -92698.9538
 BOND   =        16.4888  ANGLE   =        25.8978  DIHED      =        32.4789
 UB     =         3.0120  IMP     =         0.7912  CMAP       =        -0.3507
 1-4 NB =        15.6665  1-4 EEL =      -239.7008  VDWAALS    =      9563.4226
 EELEC  =   -102132.2377  EHBOND  =         0.0000  RESTRAINT  =        15.5776
 EAMBER (non-restraint)  =    -92714.5314
 ------------------------------------------------------------------------------


 NSTEP =    18000   TIME(PS) =      18.000  TEMP(K) =   309.99  PRESS =     0.0
 Etot   =    -75288.8317  EKtot   =     17374.9492  EPtot      =    -92663.7809
 BOND   =        14.6278  ANGLE   =        28.0237  DIHED      =        34.4970
 UB     =         4.6140  IMP     =         3.5935  CMAP       =        -1.1700
 1-4 NB =        14.7532  1-4 EEL =      -245.1536  VDWAALS    =      9389.5538
 EELEC  =   -101919.1737  EHBOND  =         0.0000  RESTRAINT  =        12.0535
 EAMBER (non-restraint)  =    -92675.8344
 ------------------------------------------------------------------------------


 NSTEP =    19000   TIME(PS) =      19.000  TEMP(K) =   313.04  PRESS =     0.0
 Etot   =    -75062.2928  EKtot   =     17545.5801  EPtot      =    -92607.8729
 BOND   =        11.5952  ANGLE   =        28.2439  DIHED      =        30.2631
 UB     =         3.1686  IMP     =         2.8766  CMAP       =        -2.2850
 1-4 NB =        17.2797  1-4 EEL =      -232.5702  VDWAALS    =      9378.0871
 EELEC  =   -101862.4056  EHBOND  =         0.0000  RESTRAINT  =        17.8737
 EAMBER (non-restraint)  =    -92625.7466
 ------------------------------------------------------------------------------


 NSTEP =    20000   TIME(PS) =      20.000  TEMP(K) =   311.94  PRESS =     0.0
 Etot   =    -75014.9393  EKtot   =     17484.1152  EPtot      =    -92499.0545
 BOND   =        17.4301  ANGLE   =        21.4697  DIHED      =        31.7590
 UB     =         2.6601  IMP     =         3.2582  CMAP       =        -2.2659
 1-4 NB =        16.1731  1-4 EEL =      -243.3979  VDWAALS    =      9510.8085
 EELEC  =   -101873.0981  EHBOND  =         0.0000  RESTRAINT  =        16.1487
 EAMBER (non-restraint)  =    -92515.2032
 ------------------------------------------------------------------------------


 NSTEP =    21000   TIME(PS) =      21.000  TEMP(K) =   310.45  PRESS =     0.0
 Etot   =    -75126.5156  EKtot   =     17400.9043  EPtot      =    -92527.4199
 BOND   =        16.3311  ANGLE   =        24.1725  DIHED      =        30.9768
 UB     =         3.5097  IMP     =         3.0391  CMAP       =        -0.3849
 1-4 NB =        14.9448  1-4 EEL =      -239.6156  VDWAALS    =      9394.8584
 EELEC  =   -101795.9843  EHBOND  =         0.0000  RESTRAINT  =        20.7324
 EAMBER (non-restraint)  =    -92548.1523
 ------------------------------------------------------------------------------


 NSTEP =    22000   TIME(PS) =      22.000  TEMP(K) =   311.61  PRESS =     0.0
 Etot   =    -75254.5446  EKtot   =     17465.8828  EPtot      =    -92720.4274
 BOND   =        12.4436  ANGLE   =        27.0307  DIHED      =        34.7770
 UB     =         2.4131  IMP     =         4.4370  CMAP       =        -3.0291
 1-4 NB =        16.4540  1-4 EEL =      -242.7220  VDWAALS    =      9518.7296
 EELEC  =   -102110.2118  EHBOND  =         0.0000  RESTRAINT  =        19.2504
 EAMBER (non-restraint)  =    -92739.6778
 ------------------------------------------------------------------------------


 NSTEP =    23000   TIME(PS) =      23.000  TEMP(K) =   310.44  PRESS =     0.0
 Etot   =    -75418.2314  EKtot   =     17400.0586  EPtot      =    -92818.2900
 BOND   =        11.1877  ANGLE   =        25.5874  DIHED      =        34.5084
 UB     =         2.0851  IMP     =         2.5719  CMAP       =        -1.4167
 1-4 NB =        14.8351  1-4 EEL =      -243.6349  VDWAALS    =      9414.6525
 EELEC  =   -102093.3745  EHBOND  =         0.0000  RESTRAINT  =        14.7078
 EAMBER (non-restraint)  =    -92832.9979
 ------------------------------------------------------------------------------


 NSTEP =    24000   TIME(PS) =      24.000  TEMP(K) =   307.65  PRESS =     0.0
 Etot   =    -75502.6988  EKtot   =     17243.8496  EPtot      =    -92746.5485
 BOND   =        14.7222  ANGLE   =        30.1444  DIHED      =        29.5089
 UB     =         2.6743  IMP     =         1.6733  CMAP       =         0.0505
 1-4 NB =        14.2979  1-4 EEL =      -252.6642  VDWAALS    =      9359.7551
 EELEC  =   -101965.4913  EHBOND  =         0.0000  RESTRAINT  =        18.7806
 EAMBER (non-restraint)  =    -92765.3291
 ------------------------------------------------------------------------------


 NSTEP =    25000   TIME(PS) =      25.000  TEMP(K) =   309.14  PRESS =     0.0
 Etot   =    -75440.7534  EKtot   =     17327.0059  EPtot      =    -92767.7592
 BOND   =        14.2601  ANGLE   =        31.4202  DIHED      =        31.7015
 UB     =         3.2444  IMP     =         1.3567  CMAP       =        -2.4575
 1-4 NB =        15.9347  1-4 EEL =      -236.7750  VDWAALS    =      9587.7611
 EELEC  =   -102232.5626  EHBOND  =         0.0000  RESTRAINT  =        18.3572
 EAMBER (non-restraint)  =    -92786.1165
 ------------------------------------------------------------------------------


      A V E R A G E S   O V E R      25 S T E P S


 NSTEP =    25000   TIME(PS) =      25.000  TEMP(K) =   304.76  PRESS =     0.0
 Etot   =    -76295.1888  EKtot   =     17081.9277  EPtot      =    -93377.1165
 BOND   =        15.0792  ANGLE   =        27.1071  DIHED      =        32.5254
 UB     =         3.2589  IMP     =         2.1057  CMAP       =        -1.4020
 1-4 NB =        15.6405  1-4 EEL =      -243.8611  VDWAALS    =      9722.0150
 EELEC  =   -102966.8196  EHBOND  =         0.0000  RESTRAINT  =        17.2344
 EAMBER (non-restraint)  =    -93394.3509
 ------------------------------------------------------------------------------


      R M S  F L U C T U A T I O N S


 NSTEP =    25000   TIME(PS) =      25.000  TEMP(K) =    14.58  PRESS =     0.0
 Etot   =      2531.6909  EKtot   =       817.4315  EPtot      =      1720.1413
 BOND   =         2.4575  ANGLE   =         2.4842  DIHED      =         1.5858
 UB     =         0.6652  IMP     =         1.0048  CMAP       =         0.9286
 1-4 NB =         1.2831  1-4 EEL =         5.2671  VDWAALS    =       607.8954
 EELEC  =      2322.4828  EHBOND  =         0.0000  RESTRAINT  =         2.8141
 EAMBER (non-restraint)  =      1717.3271
 ------------------------------------------------------------------------------

--------------------------------------------------------------------------------
   5.  TIMINGS
--------------------------------------------------------------------------------

|  NonSetup CPU Time in Major Routines:
|
|     Routine           Sec        %
|     ------------------------------
|     Nonbond           4.77    8.88
|     Bond              0.00    0.00
|     Angle             0.00    0.00
|     Dihedral          0.00    0.00
|     Shake             0.22    0.41
|     RunMD            48.74   90.67
|     Other             0.02    0.04
|     ------------------------------
|     Total            53.75

|  PME Nonbond Pairlist CPU Time:
|
|     Routine              Sec        %
|     ---------------------------------
|     Set Up Cit           0.00    0.00
|     Build List           0.00    0.00
|     ---------------------------------
|     Total                0.00    0.00

|  PME Direct Force CPU Time:
|
|     Routine              Sec        %
|     ---------------------------------
|     NonBonded Calc       0.00    0.00
|     Exclude Masked       0.00    0.00
|     Other                0.01    0.01
|     ---------------------------------
|     Total                0.01    0.01

|  PME Reciprocal Force CPU Time:
|
|     Routine              Sec        %
|     ---------------------------------
|     1D bspline           0.00    0.00
|     Grid Charges         0.00    0.00
|     Scalar Sum           0.00    0.00
|     Gradient Sum         0.00    0.00
|     FFT                  0.00    0.00
|     ---------------------------------
|     Total                0.00    0.00

|  Final Performance Info:
|     -----------------------------------------------------
|     Average timings for last   25000 steps:
|     Elapsed(s) =      53.79 Per Step(ms) =       2.15
|         ns/day =      40.15   seconds/ns =    2151.76
|
|     Average timings for all steps:
|     Elapsed(s) =      53.79 Per Step(ms) =       2.15
|         ns/day =      40.15   seconds/ns =    2151.76
|     -----------------------------------------------------

|  Setup CPU time:            1.00 seconds
|  NonSetup CPU time:        53.75 seconds
|  Total CPU time:           54.75 seconds     0.02 hours

|  Setup wall time:           1    seconds
|  NonSetup wall time:       54    seconds
|  Total wall time:          55    seconds     0.02 hours
