
          -------------------------------------------------------
          Amber 16 PMEMD                              2016
          -------------------------------------------------------

| PMEMD implementation of SANDER, Release 16

| Run on 04/19/2018 at 10:28:18

|   Executable path: /cm/shared/apps/amber16_cuda/bin/pmemd.cuda
| Working directory: /shared2/work/wesley/Piezo/piezo_anton/Anton_HMR_Testing/charmm-gui_ARFbigwaterbox/peptide_bigwater_HMR_AMBER_to_Anton_Test/standard
|          Hostname: node001

  [-O]verwriting output

File Assignments:
|   MDIN: step4.1_equilibration.mdin                                            
|  MDOUT: step4.1_equilibration.out                                             
| INPCRD: step4.0_equilibration.rst7                                            
|   PARM: step2_charmm2amber.parm7                                              
| RESTRT: step4.1_equilibration.rst7                                            
|   REFC: step4.0_equilibration.rst7                                            
|  MDVEL: mdvel                                                                 
|   MDEN: mden                                                                  
|  MDCRD: step4.1_equilibration.nc                                              
| MDINFO: mdinfo                                                                
|  MDFRC: mdfrc                                                                 


 Here is the input file:

A NVT simulation for common production-level simulations                       
 &cntrl                                                                        
    imin=0,        ! No minimization                                           
    irest=0,       ! This is NOT a restart of an old MD simulation             
    ntx=1,         ! So our inpcrd file has no velocities                      
                                                                               
    ! Temperature control                                                      
    ntt=3,         ! Langevin dynamics                                         
    gamma_ln=1.0,  ! Friction coefficient (ps^-1)                              
    tempi=310.15,   ! Initial temp -- give it some small random velocities     
    temp0=310.15,   ! Target temperature                                       
                                                                               
    ! Potential energy control                                                 
    cut=12.0,      ! Nonbonded cutoff, in Angstroms                            
    fswitch=10.0,  ! Force-based switching                                     
                                                                               
    ! MD settings                                                              
    nstlim=25000,  ! 25K steps, 25 ps total                                    
    dt=0.001,      ! time step (ps)                                            
                                                                               
    ! SHAKE                                                                    
    ntc=2,         ! Constrain bonds containing hydrogen                       
    ntf=2,         ! Do not calculate forces of bonds containing hydrogen      
                                                                               
    ! Control how often information is printed                                 
    ntpr=1000,     ! Print energies every 1000 steps                           
    ntwx=1000,     ! Print coordinates every 1000 steps to the trajectory      
    ntwr=10000,    ! Print a restart file every 10K steps (can be less frequent
!   ntwv=-1,       ! Uncomment to also print velocities to trajectory          
!   ntwf=-1,       ! Uncomment to also print forces to trajectory              
    ntxo=2,        ! Write NetCDF format                                       
    ioutfm=1,      ! Write NetCDF format (always do this!)                     
                                                                               
    ! Wrap coordinates when printing them to the same unit cell                
    iwrap=0,                                                                   
                                                                               
    ! Restraint options                                                        
    ntr=1,         ! Positional restraints for proteins, sugars, ligands, and l
    !nmropt=1,      ! Dihedral restraints for sugars and lipids                
                                                                               
    ! Set water atom/residue names for SETTLE recognition                      
    watnam='WAT',  ! Water residues are named WAT                              
    owtnm='O',     ! Water oxygens are named O                                 
 /                                                                             
                                                                               
 &ewald                                                                        
    vdwmeth = 0,                                                               
 /                                                                             
                                                                               
 &wt                                                                           
 	type='END'                                                                   
 /                                                                             
Protein posres                                                                 
5.0                                                                            
RES 1 3                                                                        
END                                                                            
END                                                                            
                                                                               


Note: ig = -1. Setting random seed to   413061 based on wallclock time in 
      microseconds.
 
|--------------------- INFORMATION ----------------------
| GPU (CUDA) Version of PMEMD in use: NVIDIA GPU IN USE.
|                    Version 16.0.0
| 
|                      02/25/2016
| 
| Implementation by:
|                    Ross C. Walker     (SDSC)
|                    Scott Le Grand     (nVIDIA)
| 
| Precision model in use:
|      [SPFP] - Single Precision Forces, 64-bit Fixed Point
|               Accumulation. (Default)
| 
|--------------------------------------------------------
 
|----------------- CITATION INFORMATION -----------------
|
|    When publishing work that utilized the CUDA version
|    of AMBER, please cite the following in addition to
|    the regular AMBER citations:
|
|  - Romelia Salomon-Ferrer; Andreas W. Goetz; Duncan
|    Poole; Scott Le Grand; Ross C. Walker "Routine
|    microsecond molecular dynamics simulations with
|    AMBER - Part II: Particle Mesh Ewald", J. Chem.
|    Theory Comput., 2013, 9 (9), pp3878-3888,
|    DOI: 10.1021/ct400314y.
|
|  - Andreas W. Goetz; Mark J. Williamson; Dong Xu;
|    Duncan Poole; Scott Le Grand; Ross C. Walker
|    "Routine microsecond molecular dynamics simulations
|    with AMBER - Part I: Generalized Born", J. Chem.
|    Theory Comput., 2012, 8 (5), pp1542-1555.
|
|  - Scott Le Grand; Andreas W. Goetz; Ross C. Walker
|    "SPFP: Speed without compromise - a mixed precision
|    model for GPU accelerated molecular dynamics
|    simulations.", Comp. Phys. Comm., 2013, 184
|    pp374-380, DOI: 10.1016/j.cpc.2012.09.022
|
|--------------------------------------------------------
 
|------------------- GPU DEVICE INFO --------------------
|
|            CUDA_VISIBLE_DEVICES: 0
|   CUDA Capable Devices Detected:      1
|           CUDA Device ID in use:      0
|                CUDA Device Name: GeForce GTX 980
|     CUDA Device Global Mem Size:   4095 MB
| CUDA Device Num Multiprocessors:     16
|           CUDA Device Core Freq:   1.25 GHz
|
|--------------------------------------------------------
 
 
| Conditional Compilation Defines Used:
| PUBFFT
| BINTRAJ
| CUDA
| EMIL

| Largest sphere to fit in unit cell has radius =    33.935

| New format PARM file being parsed.
| Version =    1.000 Date = 04/19/18 Time = 10:26:26
| Force field information read from topology file: 
|              >>>> CHARMM36 All-Hydrogen Parameter File for Proteins <<<<<<<<<<  
|      CHARMM: >>>>>>>>>>>> All-hydrogen parameters used in the <<<<<<<<<<<<<<<<  
|
|CHARMM: CHARMM force field in use. 
|
|CHARMM: CHARMM force field in use. 

| Note: 1-4 EEL scale factors are being read from the topology file.

| Note: 1-4 VDW scale factors are being read from the topology file.
| INFO: Off Diagonal (NBFIX) LJ terms found in prmtop file.
|       The prmtop file has been modified to support atom
|       type based pairwise Lennard-Jones terms.
| Duplicated    0 dihedrals

| Duplicated    0 dihedrals

--------------------------------------------------------------------------------
   1.  RESOURCE   USE: 
--------------------------------------------------------------------------------

 getting box info from netcdf restart file
 NATOM  =   28162 NTYPES =      18 NBONH =   28075 MBONA  =      32
 NTHETH =    9420 MTHETA =      41 NPHIH =     112 MPHIA  =      63
 NHPARM =       0 NPARM  =       0 NNB   =   37780 NRES   =    9405
 NBONA  =      32 NTHETA =      41 NPHIA =      63 NUMBND =      21
 NUMANG =      41 NPTRA  =      72 NATYP =       1 NPHB   =       0
 IFBOX  =       1 NMXRS  =      26 IFCAP =       0 NEXTRA =       0
 NCOPY  =       0

|CHARMM: Reticulating splines.

| Coordinate Index Table dimensions:    10   10   10
| Direct force subcell size =     6.7980    6.8060    6.7870

     BOX TYPE: RECTILINEAR

--------------------------------------------------------------------------------
   2.  CONTROL  DATA  FOR  THE  RUN
--------------------------------------------------------------------------------

                                                                                

General flags:
     imin    =       0, nmropt  =       0

Nature and format of input:
     ntx     =       1, irest   =       0, ntrx    =       1

Nature and format of output:
     ntxo    =       2, ntpr    =    1000, ntrx    =       1, ntwr    =   10000
     iwrap   =       0, ntwx    =    1000, ntwv    =       0, ntwe    =       0
     ioutfm  =       1, ntwprt  =       0, idecomp =       0, rbornstat=      0

Potential function:
     ntf     =       2, ntb     =       1, igb     =       0, nsnb    =      25
     ipol    =       0, gbsa    =       0, iesp    =       0
     dielc   =   1.00000, cut     =  12.00000, intdiel =   1.00000

Frozen or restrained atoms:
     ibelly  =       0, ntr     =       1
     restraint_wt =   0.00000

Molecular dynamics:
     nstlim  =     25000, nscm    =         0, nrespa  =         1
     t       =   0.00000, dt      =   0.00100, vlimit  =  -1.00000

Langevin dynamics temperature regulation:
     ig      =  413061
     temp0   = 310.15000, tempi   = 310.15000, gamma_ln=   1.00000

SHAKE:
     ntc     =       2, jfastw  =       0
     tol     =   0.00001

| Intermolecular bonds treatment:
|     no_intermolecular_bonds =       1

| Energy averages sample interval:
|     ene_avg_sampling =    1000

Ewald parameters:
     verbose =       0, ew_type =       0, nbflag  =       1, use_pme =       1
     vdwmeth =       0, eedmeth =       1, netfrc  =       1
     Box X =   67.980   Box Y =   68.060   Box Z =   67.870
     Alpha =   90.000   Beta  =   90.000   Gamma =   90.000
     NFFT1 =   64       NFFT2 =   72       NFFT3 =   64
     Cutoff=   12.000   Tol   =0.100E-04
     Ewald Coefficient =  0.22664
     Interpolation order =    4

    LOADING THE CONSTRAINED ATOMS AS GROUPS


   5.  REFERENCE ATOM COORDINATES

                                                                                  
    ----- READING GROUP     1; TITLE:
 Protein posres                                                              

     GROUP    1 HAS HARMONIC CONSTRAINTS     5.00000
 GRP    1 RES    1 TO     3
      Number of atoms in this group  =    66
    ----- END OF GROUP READ -----

--------------------------------------------------------------------------------
   3.  ATOMIC COORDINATES AND VELOCITIES
--------------------------------------------------------------------------------

                                                                                
 begin time read from input coords =    25.000 ps

 
 Number of triangulated 3-point waters found:     9347

     Sum of charges from parm topology file =   0.00000000
     Forcing neutrality...

| Dynamic Memory, Types Used:
| Reals              989475
| Integers           671406

| Nonbonded Pairs Initial Allocation:    14005666

| GPU memory information (estimate):
| KB of GPU memory in use:    204793
| KB of CPU memory in use:     36217

--------------------------------------------------------------------------------
   4.  RESULTS
--------------------------------------------------------------------------------

 ---------------------------------------------------
 APPROXIMATING switch and d/dx switch using CUBIC SPLINE INTERPOLATION
 using   5000.0 points per unit in tabled values
 TESTING RELATIVE ERROR over r ranging from 0.0 to cutoff
| CHECK switch(x): max rel err =   0.2738E-14   at   2.422500
| CHECK d/dx switch(x): max rel err =   0.7967E-11   at   2.716640
 ---------------------------------------------------
|---------------------------------------------------
| APPROXIMATING direct energy using CUBIC SPLINE INTERPOLATION
|  with   50.0 points per unit in tabled values
| Relative Error Limit not exceeded for r .gt.   2.27
| APPROXIMATING direct force using CUBIC SPLINE INTERPOLATION
|  with   50.0 points per unit in tabled values
| Relative Error Limit not exceeded for r .gt.   2.78
|---------------------------------------------------

 NSTEP =        0   TIME(PS) =       0.000  TEMP(K) =   464.28  PRESS =     0.0
 Etot   =    -66753.1673  EKtot   =     26022.9979  EPtot      =    -92776.1652
 BOND   =        15.4508  ANGLE   =        31.4445  DIHED      =        31.7259
 UB     =         3.1672  IMP     =         1.2533  CMAP       =        -2.4068
 1-4 NB =        15.8999  1-4 EEL =      -236.6867  VDWAALS    =      9580.9596
 EELEC  =   -102216.9729  EHBOND  =         0.0000  RESTRAINT  =         0.0000
 ------------------------------------------------------------------------------


 NSTEP =     1000   TIME(PS) =       1.000  TEMP(K) =   310.85  PRESS =     0.0
 Etot   =    -75431.7653  EKtot   =     17423.2246  EPtot      =    -92854.9899
 BOND   =        10.1477  ANGLE   =        33.6652  DIHED      =        32.7160
 UB     =         2.8499  IMP     =         1.5196  CMAP       =        -2.2116
 1-4 NB =        16.6789  1-4 EEL =      -234.6103  VDWAALS    =      9452.6234
 EELEC  =   -102180.3869  EHBOND  =         0.0000  RESTRAINT  =        12.0182
 EAMBER (non-restraint)  =    -92867.0081
 ------------------------------------------------------------------------------


 NSTEP =     2000   TIME(PS) =       2.000  TEMP(K) =   310.18  PRESS =     0.0
 Etot   =    -75365.5303  EKtot   =     17385.4102  EPtot      =    -92750.9404
 BOND   =        13.3244  ANGLE   =        22.1869  DIHED      =        30.2207
 UB     =         2.0665  IMP     =         1.2542  CMAP       =        -2.5105
 1-4 NB =        15.1330  1-4 EEL =      -239.7579  VDWAALS    =      9763.3817
 EELEC  =   -102373.6558  EHBOND  =         0.0000  RESTRAINT  =        17.4164
 EAMBER (non-restraint)  =    -92768.3569
 ------------------------------------------------------------------------------


 NSTEP =     3000   TIME(PS) =       3.000  TEMP(K) =   309.44  PRESS =     0.0
 Etot   =    -75115.3863  EKtot   =     17343.8984  EPtot      =    -92459.2847
 BOND   =        14.0613  ANGLE   =        28.4571  DIHED      =        31.2748
 UB     =         4.2868  IMP     =         1.2112  CMAP       =        -2.3889
 1-4 NB =        15.1774  1-4 EEL =      -240.9682  VDWAALS    =      9408.5924
 EELEC  =   -101735.6790  EHBOND  =         0.0000  RESTRAINT  =        16.6903
 EAMBER (non-restraint)  =    -92475.9750
 ------------------------------------------------------------------------------


 NSTEP =     4000   TIME(PS) =       4.000  TEMP(K) =   313.36  PRESS =     0.0
 Etot   =    -75306.8417  EKtot   =     17563.9512  EPtot      =    -92870.7929
 BOND   =        12.2761  ANGLE   =        27.3737  DIHED      =        32.1535
 UB     =         2.3140  IMP     =         0.5412  CMAP       =        -1.9433
 1-4 NB =        15.3568  1-4 EEL =      -240.3605  VDWAALS    =      9569.6577
 EELEC  =   -102303.2949  EHBOND  =         0.0000  RESTRAINT  =        15.1330
 EAMBER (non-restraint)  =    -92885.9258
 ------------------------------------------------------------------------------


 NSTEP =     5000   TIME(PS) =       5.000  TEMP(K) =   312.78  PRESS =     0.0
 Etot   =    -75437.5693  EKtot   =     17531.2461  EPtot      =    -92968.8154
 BOND   =        13.6205  ANGLE   =        26.2363  DIHED      =        33.5973
 UB     =         4.0307  IMP     =         2.7970  CMAP       =        -2.3128
 1-4 NB =        13.5838  1-4 EEL =      -240.6643  VDWAALS    =      9588.7676
 EELEC  =   -102426.7247  EHBOND  =         0.0000  RESTRAINT  =        18.2531
 EAMBER (non-restraint)  =    -92987.0685
 ------------------------------------------------------------------------------


 NSTEP =     6000   TIME(PS) =       6.000  TEMP(K) =   308.11  PRESS =     0.0
 Etot   =    -75485.3877  EKtot   =     17269.3594  EPtot      =    -92754.7471
 BOND   =        15.7586  ANGLE   =        26.2484  DIHED      =        32.4090
 UB     =         3.5932  IMP     =         1.0978  CMAP       =        -2.8093
 1-4 NB =        14.4901  1-4 EEL =      -232.0866  VDWAALS    =      9402.5600
 EELEC  =   -102032.8082  EHBOND  =         0.0000  RESTRAINT  =        16.7998
 EAMBER (non-restraint)  =    -92771.5468
 ------------------------------------------------------------------------------


 NSTEP =     7000   TIME(PS) =       7.000  TEMP(K) =   309.29  PRESS =     0.0
 Etot   =    -75613.7075  EKtot   =     17335.4219  EPtot      =    -92949.1294
 BOND   =        12.4705  ANGLE   =        27.8454  DIHED      =        32.8871
 UB     =         2.4603  IMP     =         3.7038  CMAP       =        -2.5033
 1-4 NB =        14.7745  1-4 EEL =      -247.8863  VDWAALS    =      9684.7324
 EELEC  =   -102493.1334  EHBOND  =         0.0000  RESTRAINT  =        15.5197
 EAMBER (non-restraint)  =    -92964.6490
 ------------------------------------------------------------------------------


 NSTEP =     8000   TIME(PS) =       8.000  TEMP(K) =   311.13  PRESS =     0.0
 Etot   =    -75336.7109  EKtot   =     17438.4941  EPtot      =    -92775.2050
 BOND   =        21.1398  ANGLE   =        22.4219  DIHED      =        34.0990
 UB     =         5.0656  IMP     =         2.1958  CMAP       =        -2.0776
 1-4 NB =        14.8891  1-4 EEL =      -245.7256  VDWAALS    =      9733.0682
 EELEC  =   -102373.0434  EHBOND  =         0.0000  RESTRAINT  =        12.7622
 EAMBER (non-restraint)  =    -92787.9672
 ------------------------------------------------------------------------------


 NSTEP =     9000   TIME(PS) =       9.000  TEMP(K) =   313.06  PRESS =     0.0
 Etot   =    -75303.2106  EKtot   =     17546.6738  EPtot      =    -92849.8844
 BOND   =        15.6521  ANGLE   =        22.2341  DIHED      =        31.0156
 UB     =         3.1708  IMP     =         1.7065  CMAP       =        -2.4777
 1-4 NB =        13.8694  1-4 EEL =      -240.9491  VDWAALS    =      9524.6802
 EELEC  =   -102230.9723  EHBOND  =         0.0000  RESTRAINT  =        12.1860
 EAMBER (non-restraint)  =    -92862.0704
 ------------------------------------------------------------------------------


 NSTEP =    10000   TIME(PS) =      10.000  TEMP(K) =   312.09  PRESS =     0.0
 Etot   =    -75397.5815  EKtot   =     17492.4590  EPtot      =    -92890.0405
 BOND   =        12.9932  ANGLE   =        21.8482  DIHED      =        30.6824
 UB     =         4.2608  IMP     =         1.7851  CMAP       =        -2.4325
 1-4 NB =        14.3691  1-4 EEL =      -232.5989  VDWAALS    =      9447.9721
 EELEC  =   -102204.4907  EHBOND  =         0.0000  RESTRAINT  =        15.5708
 EAMBER (non-restraint)  =    -92905.6112
 ------------------------------------------------------------------------------


 NSTEP =    11000   TIME(PS) =      11.000  TEMP(K) =   312.78  PRESS =     0.0
 Etot   =    -75363.6877  EKtot   =     17531.2031  EPtot      =    -92894.8909
 BOND   =        17.4125  ANGLE   =        23.2210  DIHED      =        30.7679
 UB     =         2.3464  IMP     =         0.9323  CMAP       =        -2.9093
 1-4 NB =        13.9005  1-4 EEL =      -238.8132  VDWAALS    =      9430.4749
 EELEC  =   -102186.8679  EHBOND  =         0.0000  RESTRAINT  =        14.6441
 EAMBER (non-restraint)  =    -92909.5349
 ------------------------------------------------------------------------------


 NSTEP =    12000   TIME(PS) =      12.000  TEMP(K) =   312.17  PRESS =     0.0
 Etot   =    -75168.6373  EKtot   =     17497.0996  EPtot      =    -92665.7369
 BOND   =         9.3489  ANGLE   =        32.8171  DIHED      =        31.6632
 UB     =         4.4540  IMP     =         1.5275  CMAP       =        -2.7848
 1-4 NB =        16.4498  1-4 EEL =      -245.8824  VDWAALS    =      9257.9741
 EELEC  =   -101792.0550  EHBOND  =         0.0000  RESTRAINT  =        20.7508
 EAMBER (non-restraint)  =    -92686.4877
 ------------------------------------------------------------------------------


 NSTEP =    13000   TIME(PS) =      13.000  TEMP(K) =   312.18  PRESS =     0.0
 Etot   =    -75431.3765  EKtot   =     17497.4297  EPtot      =    -92928.8062
 BOND   =        12.3073  ANGLE   =        25.0689  DIHED      =        30.7220
 UB     =         3.7329  IMP     =         0.9075  CMAP       =        -3.2216
 1-4 NB =        17.2422  1-4 EEL =      -234.1079  VDWAALS    =      9541.7792
 EELEC  =   -102344.6231  EHBOND  =         0.0000  RESTRAINT  =        21.3864
 EAMBER (non-restraint)  =    -92950.1926
 ------------------------------------------------------------------------------


 NSTEP =    14000   TIME(PS) =      14.000  TEMP(K) =   309.56  PRESS =     0.0
 Etot   =    -75585.1943  EKtot   =     17351.0098  EPtot      =    -92936.2041
 BOND   =        17.3806  ANGLE   =        30.1911  DIHED      =        30.5638
 UB     =         3.3771  IMP     =         0.8821  CMAP       =        -1.8117
 1-4 NB =        14.9775  1-4 EEL =      -241.0519  VDWAALS    =      9578.1359
 EELEC  =   -102382.8743  EHBOND  =         0.0000  RESTRAINT  =        14.0256
 EAMBER (non-restraint)  =    -92950.2297
 ------------------------------------------------------------------------------


 NSTEP =    15000   TIME(PS) =      15.000  TEMP(K) =   311.04  PRESS =     0.0
 Etot   =    -75814.8123  EKtot   =     17433.9316  EPtot      =    -93248.7440
 BOND   =        10.9948  ANGLE   =        25.9066  DIHED      =        29.9034
 UB     =         2.2322  IMP     =         1.9096  CMAP       =        -2.9665
 1-4 NB =        15.2379  1-4 EEL =      -248.5371  VDWAALS    =      9693.2226
 EELEC  =   -102792.3448  EHBOND  =         0.0000  RESTRAINT  =        15.6972
 EAMBER (non-restraint)  =    -93264.4412
 ------------------------------------------------------------------------------


 NSTEP =    16000   TIME(PS) =      16.000  TEMP(K) =   308.46  PRESS =     0.0
 Etot   =    -75981.2756  EKtot   =     17289.0059  EPtot      =    -93270.2814
 BOND   =        12.3698  ANGLE   =        26.6652  DIHED      =        32.4322
 UB     =         1.4798  IMP     =         2.6867  CMAP       =        -3.3283
 1-4 NB =        14.0848  1-4 EEL =      -243.6294  VDWAALS    =      9748.4338
 EELEC  =   -102873.8284  EHBOND  =         0.0000  RESTRAINT  =        12.3522
 EAMBER (non-restraint)  =    -93282.6336
 ------------------------------------------------------------------------------


 NSTEP =    17000   TIME(PS) =      17.000  TEMP(K) =   309.98  PRESS =     0.0
 Etot   =    -75801.3272  EKtot   =     17374.3516  EPtot      =    -93175.6788
 BOND   =        16.4653  ANGLE   =        26.6980  DIHED      =        32.1157
 UB     =         1.7586  IMP     =         1.2094  CMAP       =        -2.7070
 1-4 NB =        14.7030  1-4 EEL =      -246.2915  VDWAALS    =      9603.9238
 EELEC  =   -102638.9400  EHBOND  =         0.0000  RESTRAINT  =        15.3859
 EAMBER (non-restraint)  =    -93191.0647
 ------------------------------------------------------------------------------


 NSTEP =    18000   TIME(PS) =      18.000  TEMP(K) =   310.34  PRESS =     0.0
 Etot   =    -75950.3457  EKtot   =     17394.4863  EPtot      =    -93344.8321
 BOND   =        13.4404  ANGLE   =        22.4335  DIHED      =        33.8332
 UB     =         3.4780  IMP     =         3.5603  CMAP       =        -2.4650
 1-4 NB =        18.6424  1-4 EEL =      -239.6775  VDWAALS    =      9932.6984
 EELEC  =   -103148.9419  EHBOND  =         0.0000  RESTRAINT  =        18.1661
 EAMBER (non-restraint)  =    -93362.9982
 ------------------------------------------------------------------------------


 NSTEP =    19000   TIME(PS) =      19.000  TEMP(K) =   314.39  PRESS =     0.0
 Etot   =    -75656.9074  EKtot   =     17621.7500  EPtot      =    -93278.6574
 BOND   =        14.2121  ANGLE   =        25.5220  DIHED      =        32.0576
 UB     =         3.2102  IMP     =         1.1072  CMAP       =        -0.7974
 1-4 NB =        16.1149  1-4 EEL =      -248.6021  VDWAALS    =      9654.5258
 EELEC  =   -102792.3327  EHBOND  =         0.0000  RESTRAINT  =        16.3248
 EAMBER (non-restraint)  =    -93294.9822
 ------------------------------------------------------------------------------


 NSTEP =    20000   TIME(PS) =      20.000  TEMP(K) =   309.93  PRESS =     0.0
 Etot   =    -75849.9779  EKtot   =     17371.2500  EPtot      =    -93221.2279
 BOND   =        16.8266  ANGLE   =        25.7291  DIHED      =        31.0344
 UB     =         1.8852  IMP     =         1.8415  CMAP       =        -2.6481
 1-4 NB =        14.0594  1-4 EEL =      -248.9931  VDWAALS    =      9742.2741
 EELEC  =   -102821.2802  EHBOND  =         0.0000  RESTRAINT  =        18.0432
 EAMBER (non-restraint)  =    -93239.2710
 ------------------------------------------------------------------------------


 NSTEP =    21000   TIME(PS) =      21.000  TEMP(K) =   312.39  PRESS =     0.0
 Etot   =    -75682.2654  EKtot   =     17509.1797  EPtot      =    -93191.4451
 BOND   =        11.5477  ANGLE   =        29.7526  DIHED      =        32.6176
 UB     =         3.1501  IMP     =         2.3503  CMAP       =        -2.9855
 1-4 NB =        13.4031  1-4 EEL =      -251.1499  VDWAALS    =      9752.1343
 EELEC  =   -102796.9773  EHBOND  =         0.0000  RESTRAINT  =        14.7120
 EAMBER (non-restraint)  =    -93206.1571
 ------------------------------------------------------------------------------


 NSTEP =    22000   TIME(PS) =      22.000  TEMP(K) =   316.60  PRESS =     0.0
 Etot   =    -75786.0374  EKtot   =     17745.3125  EPtot      =    -93531.3499
 BOND   =        15.7370  ANGLE   =        30.1477  DIHED      =        32.6338
 UB     =         4.9879  IMP     =         1.3607  CMAP       =        -2.9874
 1-4 NB =        15.1947  1-4 EEL =      -245.7750  VDWAALS    =      9674.1385
 EELEC  =   -103072.5077  EHBOND  =         0.0000  RESTRAINT  =        15.7200
 EAMBER (non-restraint)  =    -93547.0699
 ------------------------------------------------------------------------------


 NSTEP =    23000   TIME(PS) =      23.000  TEMP(K) =   312.37  PRESS =     0.0
 Etot   =    -75913.6209  EKtot   =     17508.3027  EPtot      =    -93421.9236
 BOND   =        17.4420  ANGLE   =        28.9103  DIHED      =        31.0472
 UB     =         3.4397  IMP     =         1.9735  CMAP       =        -3.3739
 1-4 NB =        13.3530  1-4 EEL =      -235.3716  VDWAALS    =      9761.8705
 EELEC  =   -103059.0640  EHBOND  =         0.0000  RESTRAINT  =        17.8497
 EAMBER (non-restraint)  =    -93439.7733
 ------------------------------------------------------------------------------


 NSTEP =    24000   TIME(PS) =      24.000  TEMP(K) =   310.85  PRESS =     0.0
 Etot   =    -76022.1803  EKtot   =     17423.0254  EPtot      =    -93445.2057
 BOND   =        18.0939  ANGLE   =        32.1266  DIHED      =        31.3143
 UB     =         3.4835  IMP     =         0.8965  CMAP       =        -3.2885
 1-4 NB =        13.6275  1-4 EEL =      -244.8667  VDWAALS    =      9737.8438
 EELEC  =   -103058.3269  EHBOND  =         0.0000  RESTRAINT  =        23.8902
 EAMBER (non-restraint)  =    -93469.0959
 ------------------------------------------------------------------------------


 NSTEP =    25000   TIME(PS) =      25.000  TEMP(K) =   311.08  PRESS =     0.0
 Etot   =    -76279.5997  EKtot   =     17435.8379  EPtot      =    -93715.4376
 BOND   =        12.8998  ANGLE   =        27.7271  DIHED      =        33.4926
 UB     =         3.8837  IMP     =         1.3043  CMAP       =        -2.8960
 1-4 NB =        20.9076  1-4 EEL =      -238.1955  VDWAALS    =      9644.1541
 EELEC  =   -103232.7640  EHBOND  =         0.0000  RESTRAINT  =        14.0487
 EAMBER (non-restraint)  =    -93729.4864
 ------------------------------------------------------------------------------


      A V E R A G E S   O V E R      25 S T E P S


 NSTEP =    25000   TIME(PS) =      25.000  TEMP(K) =   311.38  PRESS =     0.0
 Etot   =    -75603.2375  EKtot   =     17452.5326  EPtot      =    -93055.7700
 BOND   =        14.3169  ANGLE   =        26.8574  DIHED      =        31.8902
 UB     =         3.2399  IMP     =         1.6905  CMAP       =        -2.5935
 1-4 NB =        15.2088  1-4 EEL =      -241.8621  VDWAALS    =      9613.1848
 EELEC  =   -102533.9167  EHBOND  =         0.0000  RESTRAINT  =        16.2139
 EAMBER (non-restraint)  =    -93071.9839
 ------------------------------------------------------------------------------


      R M S  F L U C T U A T I O N S


 NSTEP =    25000   TIME(PS) =      25.000  TEMP(K) =     1.89  PRESS =     0.0
 Etot   =       290.7102  EKtot   =       105.6775  EPtot      =       297.5572
 BOND   =         2.7466  ANGLE   =         3.3314  DIHED      =         1.1516
 UB     =         0.9702  IMP     =         0.8017  CMAP       =         0.5524
 1-4 NB =         1.7054  1-4 EEL =         5.3505  VDWAALS    =       150.2571
 EELEC  =       408.9179  EHBOND  =         0.0000  RESTRAINT  =         2.8312
 EAMBER (non-restraint)  =       294.7260
 ------------------------------------------------------------------------------

--------------------------------------------------------------------------------
   5.  TIMINGS
--------------------------------------------------------------------------------

|  NonSetup CPU Time in Major Routines:
|
|     Routine           Sec        %
|     ------------------------------
|     Nonbond           4.79    8.40
|     Bond              0.00    0.00
|     Angle             0.00    0.00
|     Dihedral          0.00    0.00
|     Shake             0.23    0.41
|     RunMD            51.95   91.16
|     Other             0.02    0.04
|     ------------------------------
|     Total            56.99

|  PME Nonbond Pairlist CPU Time:
|
|     Routine              Sec        %
|     ---------------------------------
|     Set Up Cit           0.00    0.00
|     Build List           0.00    0.00
|     ---------------------------------
|     Total                0.00    0.00

|  PME Direct Force CPU Time:
|
|     Routine              Sec        %
|     ---------------------------------
|     NonBonded Calc       0.00    0.00
|     Exclude Masked       0.00    0.00
|     Other                0.01    0.02
|     ---------------------------------
|     Total                0.01    0.02

|  PME Reciprocal Force CPU Time:
|
|     Routine              Sec        %
|     ---------------------------------
|     1D bspline           0.00    0.00
|     Grid Charges         0.00    0.00
|     Scalar Sum           0.00    0.00
|     Gradient Sum         0.00    0.00
|     FFT                  0.00    0.00
|     ---------------------------------
|     Total                0.00    0.00

|  Final Performance Info:
|     -----------------------------------------------------
|     Average timings for last   25000 steps:
|     Elapsed(s) =      57.03 Per Step(ms) =       2.28
|         ns/day =      37.87   seconds/ns =    2281.33
|
|     Average timings for all steps:
|     Elapsed(s) =      57.03 Per Step(ms) =       2.28
|         ns/day =      37.87   seconds/ns =    2281.33
|     -----------------------------------------------------

|  Setup CPU time:            0.98 seconds
|  NonSetup CPU time:        56.99 seconds
|  Total CPU time:           57.98 seconds     0.02 hours

|  Setup wall time:           1    seconds
|  NonSetup wall time:       57    seconds
|  Total wall time:          58    seconds     0.02 hours
