
          -------------------------------------------------------
          Amber 16 PMEMD                              2016
          -------------------------------------------------------

| PMEMD implementation of SANDER, Release 16

| Run on 04/19/2018 at 10:48:04

|   Executable path: /cm/shared/apps/amber16_cuda/bin/pmemd.cuda
| Working directory: /shared2/work/wesley/Piezo/piezo_anton/Anton_HMR_Testing/charmm-gui_ARFbigwaterbox/peptide_bigwater_HMR_AMBER_to_Anton_Test/HMR
|          Hostname: node001

  [-O]verwriting output

File Assignments:
|   MDIN: step5.004_production.mdin                                             
|  MDOUT: step5.004_production.out                                              
| INPCRD: step5.003_production.rst7                                             
|   PARM: step2_charmm2amber.parm7                                              
| RESTRT: step5.004_production.rst7                                             
|   REFC: step5.003_production.rst7                                             
|  MDVEL: mdvel                                                                 
|   MDEN: mden                                                                  
|  MDCRD: step5.004_production.nc                                               
| MDINFO: mdinfo                                                                
|  MDFRC: mdfrc                                                                 


 Here is the input file:

A NPT simulation for common HMR (ts=4fs) production-level simulations          
 &cntrl                                                                        
    imin=0,        ! No minimization                                           
    irest=1,       ! This IS a restart of an old MD simulation                 
    ntx=5,         ! So our inpcrd file has velocities                         
                                                                               
    ! Temperature control                                                      
    ntt=3,         ! Langevin dynamics                                         
    gamma_ln=1.0,  ! Friction coefficient (ps^-1)                              
    temp0=310.15,   ! Target temperature                                       
                                                                               
    ! Potential energy control                                                 
    cut=12.0,      ! Nonbonded cutoff, in Angstroms                            
    fswitch=10.0,  ! Force-based switching                                     
                                                                               
    ! MD settings                                                              
    nstlim=2500000,  ! 2.5M steps, 10 ns total                                 
    dt=0.004,      ! time step (ps)                                            
                                                                               
    ! SHAKE                                                                    
    ntc=2,         ! Constrain bonds containing hydrogen                       
    ntf=2,         ! Do not calculate forces of bonds containing hydrogen      
                                                                               
    ! Control how often information is printed                                 
    ntpr=25000,     ! Print energies every 5000 steps (100 ps)                 
    ntwx=25000,     ! Print coordinates every 5000 steps to the trajectory     
    ntwr=250000,    ! Print a restart file every 50K steps (can be less frequen
!   ntwv=-1,       ! Uncomment to also print velocities to trajectory          
!   ntwf=-1,       ! Uncomment to also print forces to trajectory              
    ntxo=2,        ! Write NetCDF format                                       
    ioutfm=1,      ! Write NetCDF format (always do this!)                     
                                                                               
    ! Wrap coordinates when printing them to the same unit cell                
    iwrap=0,                                                                   
                                                                               
    ! Constant pressure control.                                               
    barostat=2,    ! MC barostat... change to 1 for Berendsen                  
    ntp=1,         ! 1=isotropic, 2=anisotropic, 3=semi-isotropic w/ surften   
    pres0=1.0,     ! Target external pressure, in bar                          
                                                                               
    ! Constant surface tension (needed for semi-isotropic scaling). Uncomment  
    ! for this feature. csurften must be nonzero if ntp=3 above                
    !csurften=3,    ! Interfaces in 1=yz plane, 2=xz plane, 3=xy plane         
    !gamma_ten=0.0, ! Surface tension (dyne/cm). 0 gives pure semi-iso scaling 
    !ninterface=2,  ! Number of interfaces (2 for bilayer)                     
                                                                               
    ! Restraint options                                                        
    !ntr=1,         ! Positional restraints for proteins, sugars, ligands, and 
    !nmropt=1,      ! Dihedral restraints for sugars and lipids                
                                                                               
    ! Set water atom/residue names for SETTLE recognition                      
    watnam='WAT',  ! Water residues are named WAT                              
    owtnm='O',     ! Water oxygens are named O                                 
 /                                                                             
                                                                               
 &ewald                                                                        
    vdwmeth = 0,                                                               
 /                                                                             
                                                                               


Note: ig = -1. Setting random seed to   680155 based on wallclock time in 
      microseconds.
 
|--------------------- INFORMATION ----------------------
| GPU (CUDA) Version of PMEMD in use: NVIDIA GPU IN USE.
|                    Version 16.0.0
| 
|                      02/25/2016
| 
| Implementation by:
|                    Ross C. Walker     (SDSC)
|                    Scott Le Grand     (nVIDIA)
| 
| Precision model in use:
|      [SPFP] - Single Precision Forces, 64-bit Fixed Point
|               Accumulation. (Default)
| 
|--------------------------------------------------------
 
|----------------- CITATION INFORMATION -----------------
|
|    When publishing work that utilized the CUDA version
|    of AMBER, please cite the following in addition to
|    the regular AMBER citations:
|
|  - Romelia Salomon-Ferrer; Andreas W. Goetz; Duncan
|    Poole; Scott Le Grand; Ross C. Walker "Routine
|    microsecond molecular dynamics simulations with
|    AMBER - Part II: Particle Mesh Ewald", J. Chem.
|    Theory Comput., 2013, 9 (9), pp3878-3888,
|    DOI: 10.1021/ct400314y.
|
|  - Andreas W. Goetz; Mark J. Williamson; Dong Xu;
|    Duncan Poole; Scott Le Grand; Ross C. Walker
|    "Routine microsecond molecular dynamics simulations
|    with AMBER - Part I: Generalized Born", J. Chem.
|    Theory Comput., 2012, 8 (5), pp1542-1555.
|
|  - Scott Le Grand; Andreas W. Goetz; Ross C. Walker
|    "SPFP: Speed without compromise - a mixed precision
|    model for GPU accelerated molecular dynamics
|    simulations.", Comp. Phys. Comm., 2013, 184
|    pp374-380, DOI: 10.1016/j.cpc.2012.09.022
|
|--------------------------------------------------------
 
|------------------- GPU DEVICE INFO --------------------
|
|            CUDA_VISIBLE_DEVICES: 1
|   CUDA Capable Devices Detected:      1
|           CUDA Device ID in use:      0
|                CUDA Device Name: GeForce GTX 980
|     CUDA Device Global Mem Size:   4095 MB
| CUDA Device Num Multiprocessors:     16
|           CUDA Device Core Freq:   1.25 GHz
|
|--------------------------------------------------------
 

  Unit    9 Error on OPEN: step5.003_production.rst7                                                                                                                                                                                                                                       
